[ 35678.773] _XSERVTransSocketUNIXCreateListener: ...SocketCreateListener() failed
[ 35678.773] _XSERVTransMakeAllCOTSServerListeners: server already running
[ 35678.773] _XSERVTransSocketUNIXCreateListener: ...SocketCreateListener() failed
[ 35678.773] _XSERVTransMakeAllCOTSServerListeners: server already running
[ 35678.773] (--) Log file renamed from "/home/bnrhm/.local/share/xorg/Xorg.pid-12984.log" to "/home/bnrhm/.local/share/xorg/Xorg.2.log"
[ 35678.807] 
X.Org X Server 1.21.1.11
X Protocol Version 11, Revision 0
[ 35678.807] Current Operating System: Linux ubuntu 6.8.0-41-generic #41-Ubuntu SMP PREEMPT_DYNAMIC Fri Aug  2 20:41:06 UTC 2024 x86_64
[ 35678.807] Kernel command line: BOOT_IMAGE=/casper/vmlinuz --- quiet splash
[ 35678.807] xorg-server 2:21.1.12-1ubuntu1 (For technical support please see http://www.ubuntu.com/support) 
[ 35678.807] Current version of pixman: 0.42.2
[ 35678.807] 	Before reporting problems, check http://wiki.x.org
	to make sure that you have the latest version.
[ 35678.807] Markers: (--) probed, (**) from config file, (==) default setting,
	(++) from command line, (!!) notice, (II) informational,
	(WW) warning, (EE) error, (NI) not implemented, (??) unknown.
[ 35678.809] (==) Log file: "/home/bnrhm/.local/share/xorg/Xorg.2.log", Time: Thu Apr  3 20:31:38 2025
[ 35678.822] (==) Using system config directory "/usr/share/X11/xorg.conf.d"
[ 35678.827] (==) No Layout section.  Using the first Screen section.
[ 35678.827] (==) No screen section available. Using defaults.
[ 35678.827] (**) |-->Screen "Default Screen Section" (0)
[ 35678.827] (**) |   |-->Monitor "<default monitor>"
[ 35678.832] (==) No monitor specified for screen "Default Screen Section".
	Using a default monitor configuration.
[ 35678.832] (**) Allowing byte-swapped clients
[ 35678.832] (==) Automatically adding devices
[ 35678.832] (==) Automatically enabling devices
[ 35678.832] (==) Automatically adding GPU devices
[ 35678.832] (==) Automatically binding GPU devices
[ 35678.832] (==) Max clients allowed: 256, resource mask: 0x1fffff
[ 35678.832] (WW) The directory "/usr/share/fonts/X11/cyrillic" does not exist.
[ 35678.832] 	Entry deleted from font path.
[ 35678.832] (WW) The directory "/usr/share/fonts/X11/100dpi/" does not exist.
[ 35678.832] 	Entry deleted from font path.
[ 35678.832] (WW) The directory "/usr/share/fonts/X11/75dpi/" does not exist.
[ 35678.832] 	Entry deleted from font path.
[ 35678.832] (WW) The directory "/usr/share/fonts/X11/100dpi" does not exist.
[ 35678.832] 	Entry deleted from font path.
[ 35678.832] (WW) The directory "/usr/share/fonts/X11/75dpi" does not exist.
[ 35678.832] 	Entry deleted from font path.
[ 35678.832] (==) FontPath set to:
	/usr/share/fonts/X11/misc,
	/usr/share/fonts/X11/Type1,
	built-ins
[ 35678.832] (==) ModulePath set to "/usr/lib/xorg/modules"
[ 35678.832] (II) The server relies on udev to provide the list of input devices.
	If no devices become available, reconfigure udev or disable AutoAddDevices.
[ 35678.832] (II) Loader magic: 0x561b1b6a7020
[ 35678.832] (II) Module ABI versions:
[ 35678.832] 	X.Org ANSI C Emulation: 0.4
[ 35678.832] 	X.Org Video Driver: 25.2
[ 35678.832] 	X.Org XInput driver : 24.4
[ 35678.832] 	X.Org Server Extension : 10.0
[ 35678.857] (++) using VT number 3

[ 35678.935] (II) systemd-logind: took control of session /org/freedesktop/login1/session/_385
[ 35678.949] (II) xfree86: Adding drm device (/dev/dri/card0)
[ 35678.949] (II) Platform probe for /sys/devices/pci0000:00/0000:00:02.0/drm/card0
[ 35678.968] (II) systemd-logind: got fd for /dev/dri/card0 226:0 fd 16 paused 0
[ 35678.983] (--) PCI:*(0@0:2:0) 80ee:beef:15ad:0405 rev 0, Mem @ 0xe0000000/134217728, 0xe8400000/2097152, I/O @ 0x0000c030/16, BIOS @ 0x????????/131072
[ 35678.983] (II) LoadModule: "glx"
[ 35678.987] (II) Loading /usr/lib/xorg/modules/extensions/libglx.so
[ 35679.003] (II) Module glx: vendor="X.Org Foundation"
[ 35679.003] 	compiled for 1.21.1.11, module version = 1.0.0
[ 35679.003] 	ABI class: X.Org Server Extension, version 10.0
[ 35679.003] (==) Matched vboxvideo as autoconfigured driver 0
[ 35679.003] (==) Matched modesetting as autoconfigured driver 1
[ 35679.003] (==) Matched fbdev as autoconfigured driver 2
[ 35679.003] (==) Matched vesa as autoconfigured driver 3
[ 35679.003] (==) Assigned the driver to the xf86ConfigLayout
[ 35679.003] (II) LoadModule: "vboxvideo"
[ 35679.004] (WW) Warning, couldn't open module vboxvideo
[ 35679.004] (EE) Failed to load module "vboxvideo" (module does not exist, 0)
[ 35679.004] (II) LoadModule: "modesetting"
[ 35679.004] (II) Loading /usr/lib/xorg/modules/drivers/modesetting_drv.so
[ 35679.004] (II) Module modesetting: vendor="X.Org Foundation"
[ 35679.004] 	compiled for 1.21.1.11, module version = 1.21.1
[ 35679.004] 	Module class: X.Org Video Driver
[ 35679.004] 	ABI class: X.Org Video Driver, version 25.2
[ 35679.004] (II) LoadModule: "fbdev"
[ 35679.004] (II) Loading /usr/lib/xorg/modules/drivers/fbdev_drv.so
[ 35679.004] (II) Module fbdev: vendor="X.Org Foundation"
[ 35679.004] 	compiled for 1.21.1.11, module version = 0.5.0
[ 35679.004] 	Module class: X.Org Video Driver
[ 35679.004] 	ABI class: X.Org Video Driver, version 25.2
[ 35679.004] (II) LoadModule: "vesa"
[ 35679.004] (II) Loading /usr/lib/xorg/modules/drivers/vesa_drv.so
[ 35679.005] (II) Module vesa: vendor="X.Org Foundation"
[ 35679.008] 	compiled for 1.21.1.7, module version = 2.6.0
[ 35679.008] 	Module class: X.Org Video Driver
[ 35679.008] 	ABI class: X.Org Video Driver, version 25.2
[ 35679.008] (==) Matched vboxvideo as autoconfigured driver 0
[ 35679.008] (==) Matched modesetting as autoconfigured driver 1
[ 35679.008] (==) Matched fbdev as autoconfigured driver 2
[ 35679.008] (==) Matched vesa as autoconfigured driver 3
[ 35679.008] (==) Assigned the driver to the xf86ConfigLayout
[ 35679.008] (II) LoadModule: "vboxvideo"
[ 35679.008] (WW) Warning, couldn't open module vboxvideo
[ 35679.008] (EE) Failed to load module "vboxvideo" (module does not exist, 0)
[ 35679.008] (II) LoadModule: "modesetting"
[ 35679.011] (II) Loading /usr/lib/xorg/modules/drivers/modesetting_drv.so
[ 35679.011] (II) Module modesetting: vendor="X.Org Foundation"
[ 35679.011] 	compiled for 1.21.1.11, module version = 1.21.1
[ 35679.011] 	Module class: X.Org Video Driver
[ 35679.011] 	ABI class: X.Org Video Driver, version 25.2
[ 35679.011] (II) UnloadModule: "modesetting"
[ 35679.011] (II) Unloading modesetting
[ 35679.011] (II) Failed to load module "modesetting" (already loaded, 0)
[ 35679.011] (II) LoadModule: "fbdev"
[ 35679.011] (II) Loading /usr/lib/xorg/modules/drivers/fbdev_drv.so
[ 35679.011] (II) Module fbdev: vendor="X.Org Foundation"
[ 35679.011] 	compiled for 1.21.1.11, module version = 0.5.0
[ 35679.011] 	Module class: X.Org Video Driver
[ 35679.011] 	ABI class: X.Org Video Driver, version 25.2
[ 35679.011] (II) UnloadModule: "fbdev"
[ 35679.012] (II) Unloading fbdev
[ 35679.012] (II) Failed to load module "fbdev" (already loaded, 0)
[ 35679.012] (II) LoadModule: "vesa"
[ 35679.012] (II) Loading /usr/lib/xorg/modules/drivers/vesa_drv.so
[ 35679.012] (II) Module vesa: vendor="X.Org Foundation"
[ 35679.012] 	compiled for 1.21.1.7, module version = 2.6.0
[ 35679.012] 	Module class: X.Org Video Driver
[ 35679.012] 	ABI class: X.Org Video Driver, version 25.2
[ 35679.012] (II) UnloadModule: "vesa"
[ 35679.012] (II) Unloading vesa
[ 35679.012] (II) Failed to load module "vesa" (already loaded, 0)
[ 35679.012] (II) modesetting: Driver for Modesetting Kernel Drivers: kms
[ 35679.012] (II) FBDEV: driver for framebuffer: fbdev
[ 35679.012] (II) VESA: driver for VESA chipsets: vesa
[ 35679.015] xf86EnableIO: failed to enable I/O ports 0000-03ff (Operation not permitted)
[ 35679.015] (II) modeset(0): using drv /dev/dri/card0
[ 35679.015] (WW) Falling back to old probe method for fbdev
[ 35679.015] (II) Loading sub module "fbdevhw"
[ 35679.015] (II) LoadModule: "fbdevhw"
[ 35679.016] (II) Loading /usr/lib/xorg/modules/libfbdevhw.so
[ 35679.017] (II) Module fbdevhw: vendor="X.Org Foundation"
[ 35679.020] 	compiled for 1.21.1.11, module version = 0.0.2
[ 35679.020] 	ABI class: X.Org Video Driver, version 25.2
[ 35679.020] (EE) open /dev/fb0: Permission denied
[ 35679.020] (WW) VGA arbiter: cannot open kernel arbiter, no multi-card support
[ 35679.020] (II) modeset(0): Creating default Display subsection in Screen section
	"Default Screen Section" for depth/fbbpp 24/32
[ 35679.020] (==) modeset(0): Depth 24, (==) framebuffer bpp 32
[ 35679.020] (==) modeset(0): RGB weight 888
[ 35679.020] (==) modeset(0): Default visual is TrueColor
[ 35679.020] (II) Loading sub module "glamoregl"
[ 35679.020] (II) LoadModule: "glamoregl"
[ 35679.020] (II) Loading /usr/lib/xorg/modules/libglamoregl.so
[ 35679.047] (II) Module glamoregl: vendor="X.Org Foundation"
[ 35679.047] 	compiled for 1.21.1.11, module version = 1.0.1
[ 35679.047] 	ABI class: X.Org ANSI C Emulation, version 0.4
[ 35679.831] (II) modeset(0): Refusing to try glamor on llvmpipe
[ 35679.844] (II) modeset(0): glamor initialization failed
[ 35679.844] (II) modeset(0): ShadowFB: preferred NO, enabled NO
[ 35679.847] (II) modeset(0): Output VGA-1 has no monitor section
[ 35679.854] (II) modeset(0): EDID for output VGA-1
[ 35679.854] (II) modeset(0): Manufacturer: VBX  Model: 0  Serial#: 60621727
[ 35679.854] (II) modeset(0): Year: 1990  Week: 1
[ 35679.854] (II) modeset(0): EDID Version: 1.3
[ 35679.854] (II) modeset(0): Digital Display Input
[ 35679.854] (II) modeset(0): Indeterminate output size
[ 35679.854] (II) modeset(0): Gamma: 2.20
[ 35679.854] (II) modeset(0): DPMS capabilities: StandBy Suspend Off
[ 35679.854] (II) modeset(0): Supported color encodings: RGB 4:4:4 YCrCb 4:4:4 
[ 35679.854] (II) modeset(0): Default color space is primary color space
[ 35679.854] (II) modeset(0): First detailed timing is preferred mode
[ 35679.854] (II) modeset(0): redX: 0.640 redY: 0.330   greenX: 0.300 greenY: 0.600
[ 35679.857] (II) modeset(0): blueX: 0.150 blueY: 0.060   whiteX: 0.312 whiteY: 0.329
[ 35679.857] (II) modeset(0): Manufacturer's mask: 0
[ 35679.857] (II) modeset(0): Supported detailed timing:
[ 35679.857] (II) modeset(0): clock: 52.1 MHz   Image Size:  0 x 0 mm
[ 35679.857] (II) modeset(0): h_active: 927  h_sync: 929  h_sync_end 931 h_blank_end 933 h_border: 0
[ 35679.857] (II) modeset(0): v_active: 925  v_sync: 925  v_sync_end 959 v_blanking: 931 v_border: 0
[ 35679.857] (II) modeset(0): Ranges: V min: 0 V max: 200 Hz, H min: 0 H max: 200 kHz, PixClock max 1005 MHz
[ 35679.857] (II) modeset(0): Monitor name: VBOX monitor
[ 35679.857] (II) modeset(0): EDID (in hex):
[ 35679.858] (II) modeset(0): 	00ffffffffffff00585800009f039d03
[ 35679.858] (II) modeset(0): 	0100010380000078eeee91a3544c9926
[ 35679.858] (II) modeset(0): 	0f505400000001010101010101010101
[ 35679.858] (II) modeset(0): 	0101010101015b149f06309d06300202
[ 35679.858] (II) modeset(0): 	0202000000000000000000fd0000c800
[ 35679.858] (II) modeset(0): 	c864000a202020202020000000fc0056
[ 35679.858] (II) modeset(0): 	424f58206d6f6e69746f720a00000010
[ 35679.858] (II) modeset(0): 	000a2020202020202020202020200004
[ 35679.859] (II) modeset(0): Printing probed modes for output VGA-1
[ 35679.859] (II) modeset(0): Modeline "920x925"x60.0   69.56  920 976 1064 1208  925 928 938 960 -hsync +vsync (57.6 kHz P)
[ 35679.859] (II) modeset(0): Modeline "2560x1600"x60.0  348.50  2560 2752 3032 3504  1600 1603 1609 1658 -hsync +vsync (99.5 kHz e)
[ 35679.859] (II) modeset(0): Modeline "2560x1600"x60.0  268.50  2560 2608 2640 2720  1600 1603 1609 1646 +hsync -vsync (98.7 kHz e)
[ 35679.859] (II) modeset(0): Modeline "1920x1440"x60.0  234.00  1920 2048 2256 2600  1440 1441 1444 1500 -hsync +vsync (90.0 kHz e)
[ 35679.859] (II) modeset(0): Modeline "1856x1392"x60.0  218.25  1856 1952 2176 2528  1392 1393 1396 1439 -hsync +vsync (86.3 kHz e)
[ 35679.859] (II) modeset(0): Modeline "1792x1344"x60.0  204.75  1792 1920 2120 2448  1344 1345 1348 1394 -hsync +vsync (83.6 kHz e)
[ 35679.859] (II) modeset(0): Modeline "2048x1152"x60.0  162.00  2048 2074 2154 2250  1152 1153 1156 1200 +hsync +vsync (72.0 kHz e)
[ 35679.859] (II) modeset(0): Modeline "1920x1200"x59.9  193.25  1920 2056 2256 2592  1200 1203 1209 1245 -hsync +vsync (74.6 kHz e)
[ 35679.859] (II) modeset(0): Modeline "1920x1200"x60.0  154.00  1920 1968 2000 2080  1200 1203 1209 1235 +hsync -vsync (74.0 kHz e)
[ 35679.859] (II) modeset(0): Modeline "1920x1080"x60.0  148.50  1920 2008 2052 2200  1080 1084 1089 1125 -hsync -vsync (67.5 kHz e)
[ 35679.859] (II) modeset(0): Modeline "1600x1200"x60.0  162.00  1600 1664 1856 2160  1200 1201 1204 1250 +hsync +vsync (75.0 kHz e)
[ 35679.859] (II) modeset(0): Modeline "1680x1050"x60.0  146.25  1680 1784 1960 2240  1050 1053 1059 1089 -hsync +vsync (65.3 kHz e)
[ 35679.859] (II) modeset(0): Modeline "1680x1050"x59.9  119.00  1680 1728 1760 1840  1050 1053 1059 1080 +hsync -vsync (64.7 kHz e)
[ 35679.859] (II) modeset(0): Modeline "1400x1050"x60.0  121.75  1400 1488 1632 1864  1050 1053 1057 1089 -hsync +vsync (65.3 kHz e)
[ 35679.859] (II) modeset(0): Modeline "1400x1050"x59.9  101.00  1400 1448 1480 1560  1050 1053 1057 1080 +hsync -vsync (64.7 kHz e)
[ 35679.859] (II) modeset(0): Modeline "1600x900"x60.0  108.00  1600 1624 1704 1800  900 901 904 1000 +hsync +vsync (60.0 kHz e)
[ 35679.859] (II) modeset(0): Modeline "1280x1024"x60.0  108.00  1280 1328 1440 1688  1024 1025 1028 1066 +hsync +vsync (64.0 kHz e)
[ 35679.859] (II) modeset(0): Modeline "1440x900"x59.9  106.50  1440 1520 1672 1904  900 903 909 934 -hsync +vsync (55.9 kHz e)
[ 35679.859] (II) modeset(0): Modeline "1440x900"x59.9   88.75  1440 1488 1520 1600  900 903 909 926 +hsync -vsync (55.5 kHz e)
[ 35679.859] (II) modeset(0): Modeline "1280x960"x60.0  108.00  1280 1376 1488 1800  960 961 964 1000 +hsync +vsync (60.0 kHz e)
[ 35679.859] (II) modeset(0): Modeline "1366x768"x59.8   85.50  1366 1436 1579 1792  768 771 774 798 +hsync +vsync (47.7 kHz e)
[ 35679.859] (II) modeset(0): Modeline "1366x768"x60.0   72.00  1366 1380 1436 1500  768 769 772 800 +hsync +vsync (48.0 kHz e)
[ 35679.859] (II) modeset(0): Modeline "1360x768"x60.0   85.50  1360 1424 1536 1792  768 771 777 795 +hsync +vsync (47.7 kHz e)
[ 35679.860] (II) modeset(0): Modeline "1280x800"x59.8   83.50  1280 1352 1480 1680  800 803 809 831 -hsync +vsync (49.7 kHz e)
[ 35679.860] (II) modeset(0): Modeline "1280x800"x59.9   71.00  1280 1328 1360 1440  800 803 809 823 +hsync -vsync (49.3 kHz e)
[ 35679.860] (II) modeset(0): Modeline "1280x768"x59.9   79.50  1280 1344 1472 1664  768 771 778 798 -hsync +vsync (47.8 kHz e)
[ 35679.860] (II) modeset(0): Modeline "1280x768"x60.0   68.25  1280 1328 1360 1440  768 771 778 790 +hsync -vsync (47.4 kHz e)
[ 35679.860] (II) modeset(0): Modeline "1280x720"x60.0   74.25  1280 1390 1430 1650  720 725 730 750 +hsync +vsync (45.0 kHz e)
[ 35679.860] (II) modeset(0): Modeline "1024x768"x60.0   65.00  1024 1048 1184 1344  768 771 777 806 -hsync -vsync (48.4 kHz e)
[ 35679.860] (II) modeset(0): Modeline "800x600"x60.3   40.00  800 840 968 1056  600 601 605 628 +hsync +vsync (37.9 kHz e)
[ 35679.860] (II) modeset(0): Modeline "800x600"x56.2   36.00  800 824 896 1024  600 601 603 625 +hsync +vsync (35.2 kHz e)
[ 35679.860] (II) modeset(0): Modeline "848x480"x60.0   33.75  848 864 976 1088  480 486 494 517 +hsync +vsync (31.0 kHz e)
[ 35679.860] (II) modeset(0): Modeline "640x480"x59.9   25.18  640 656 752 800  480 490 492 525 -hsync -vsync (31.5 kHz e)
[ 35679.860] (II) modeset(0): Output VGA-1 connected
[ 35679.860] (II) modeset(0): Using exact sizes for initial modes
[ 35679.860] (II) modeset(0): Output VGA-1 using initial mode 920x925 +0+0
[ 35679.860] (==) modeset(0): Using gamma correction (1.0, 1.0, 1.0)
[ 35679.860] (==) modeset(0): DPI set to (96, 96)
[ 35679.862] (II) Loading sub module "fb"
[ 35679.863] (II) LoadModule: "fb"
[ 35679.863] (II) Module "fb" already built-in
[ 35679.863] (II) UnloadModule: "fbdev"
[ 35679.863] (II) Unloading fbdev
[ 35679.863] (II) UnloadSubModule: "fbdevhw"
[ 35679.863] (II) Unloading fbdevhw
[ 35679.863] (II) UnloadModule: "vesa"
[ 35679.863] (II) Unloading vesa
[ 35679.863] (==) modeset(0): Backing store enabled
[ 35679.865] (==) modeset(0): Silken mouse enabled
[ 35679.870] (II) modeset(0): Initializing kms color map for depth 24, 8 bpc.
[ 35679.870] (==) modeset(0): DPMS enabled
[ 35679.871] (II) Initializing extension Generic Event Extension
[ 35679.871] (II) Initializing extension SHAPE
[ 35679.872] (II) Initializing extension MIT-SHM
[ 35679.873] (II) Initializing extension XInputExtension
[ 35679.873] (II) Initializing extension XTEST
[ 35679.877] (II) Initializing extension BIG-REQUESTS
[ 35679.878] (II) Initializing extension SYNC
[ 35679.882] (II) Initializing extension XKEYBOARD
[ 35679.882] (II) Initializing extension XC-MISC
[ 35679.882] (II) Initializing extension SECURITY
[ 35679.882] (II) Initializing extension XFIXES
[ 35679.882] (II) Initializing extension RENDER
[ 35679.886] (II) Initializing extension RANDR
[ 35679.887] (II) Initializing extension COMPOSITE
[ 35679.887] (II) Initializing extension DAMAGE
[ 35679.894] (II) Initializing extension MIT-SCREEN-SAVER
[ 35679.894] (II) Initializing extension DOUBLE-BUFFER
[ 35679.894] (II) Initializing extension RECORD
[ 35679.894] (II) Initializing extension DPMS
[ 35679.897] (II) Initializing extension Present
[ 35679.897] (II) Initializing extension DRI3
[ 35679.897] (II) Initializing extension X-Resource
[ 35679.898] (II) Initializing extension XVideo
[ 35679.898] (II) Initializing extension XVideo-MotionCompensation
[ 35679.898] (II) Initializing extension SELinux
[ 35679.898] (II) SELinux: Disabled on system
[ 35679.898] (II) Initializing extension GLX
[ 35679.898] (II) AIGLX: Screen 0 is not DRI2 capable
[ 35679.958] (II) IGLX: Loaded and initialized swrast
[ 35679.958] (II) GLX: Initialized DRISWRAST GL provider for screen 0
[ 35679.958] (II) Initializing extension XFree86-VidModeExtension
[ 35679.958] (II) Initializing extension XFree86-DGA
[ 35679.966] (II) Initializing extension XFree86-DRI
[ 35679.966] (II) Initializing extension DRI2
[ 35679.967] (II) modeset(0): Damage tracking initialized
[ 35679.967] (II) modeset(0): Setting screen physical size to 243 x 244
[ 35680.335] (II) config/udev: Adding input device Power Button (/dev/input/event0)
[ 35680.335] (**) Power Button: Applying InputClass "libinput keyboard catchall"
[ 35680.335] (II) LoadModule: "libinput"
[ 35680.338] (II) Loading /usr/lib/xorg/modules/input/libinput_drv.so
[ 35680.353] (II) Module libinput: vendor="X.Org Foundation"
[ 35680.353] 	compiled for 1.21.1.11, module version = 1.4.0
[ 35680.353] 	Module class: X.Org XInput Driver
[ 35680.353] 	ABI class: X.Org XInput driver, version 24.4
[ 35680.353] (II) Using input driver 'libinput' for 'Power Button'
[ 35680.380] (II) systemd-logind: got fd for /dev/input/event0 13:64 fd 24 paused 0
[ 35680.380] (**) Power Button: always reports core events
[ 35680.380] (**) Option "Device" "/dev/input/event0"
[ 35680.496] (II) event0  - Power Button: is tagged by udev as: Keyboard
[ 35680.496] (II) event0  - Power Button: device is a keyboard
[ 35680.497] (II) event0  - Power Button: device removed
[ 35680.497] (**) Option "config_info" "udev:/sys/devices/LNXSYSTM:00/LNXPWRBN:00/input/input0/event0"
[ 35680.506] (II) XINPUT: Adding extended input device "Power Button" (type: KEYBOARD, id 6)
[ 35680.506] (**) Option "xkb_model" "pc105"
[ 35680.506] (**) Option "xkb_layout" "us"
[ 35680.531] (II) event0  - Power Button: is tagged by udev as: Keyboard
[ 35680.534] (II) event0  - Power Button: device is a keyboard
[ 35680.544] (II) config/udev: Adding input device Sleep Button (/dev/input/event1)
[ 35680.544] (**) Sleep Button: Applying InputClass "libinput keyboard catchall"
[ 35680.544] (II) Using input driver 'libinput' for 'Sleep Button'
[ 35680.568] (II) systemd-logind: got fd for /dev/input/event1 13:65 fd 27 paused 0
[ 35680.568] (**) Sleep Button: always reports core events
[ 35680.568] (**) Option "Device" "/dev/input/event1"
[ 35680.587] (II) event1  - Sleep Button: is tagged by udev as: Keyboard
[ 35680.587] (II) event1  - Sleep Button: device is a keyboard
[ 35680.588] (II) event1  - Sleep Button: device removed
[ 35680.588] (**) Option "config_info" "udev:/sys/devices/LNXSYSTM:00/LNXSLPBN:00/input/input1/event1"
[ 35680.588] (II) XINPUT: Adding extended input device "Sleep Button" (type: KEYBOARD, id 7)
[ 35680.588] (**) Option "xkb_model" "pc105"
[ 35680.588] (**) Option "xkb_layout" "us"
[ 35680.593] (II) event1  - Sleep Button: is tagged by udev as: Keyboard
[ 35680.593] (II) event1  - Sleep Button: device is a keyboard
[ 35680.595] (II) config/udev: Adding input device Video Bus (/dev/input/event3)
[ 35680.595] (**) Video Bus: Applying InputClass "libinput keyboard catchall"
[ 35680.595] (II) Using input driver 'libinput' for 'Video Bus'
[ 35680.642] (II) systemd-logind: got fd for /dev/input/event3 13:67 fd 28 paused 0
[ 35680.642] (**) Video Bus: always reports core events
[ 35680.642] (**) Option "Device" "/dev/input/event3"
[ 35680.658] (II) event3  - Video Bus: is tagged by udev as: Keyboard
[ 35680.658] (II) event3  - Video Bus: device is a keyboard
[ 35680.659] (II) event3  - Video Bus: device removed
[ 35680.659] (**) Option "config_info" "udev:/sys/devices/LNXSYSTM:00/LNXSYBUS:00/PNP0A03:00/LNXVIDEO:00/input/input4/event3"
[ 35680.659] (II) XINPUT: Adding extended input device "Video Bus" (type: KEYBOARD, id 8)
[ 35680.661] (**) Option "xkb_model" "pc105"
[ 35680.661] (**) Option "xkb_layout" "us"
[ 35680.671] (II) event3  - Video Bus: is tagged by udev as: Keyboard
[ 35680.671] (II) event3  - Video Bus: device is a keyboard
[ 35680.689] (II) config/udev: Adding input device VirtualBox mouse integration (/dev/input/event6)
[ 35680.689] (**) VirtualBox mouse integration: Applying InputClass "libinput pointer catchall"
[ 35680.689] (II) Using input driver 'libinput' for 'VirtualBox mouse integration'
[ 35680.711] (II) systemd-logind: got fd for /dev/input/event6 13:70 fd 29 paused 0
[ 35680.711] (**) VirtualBox mouse integration: always reports core events
[ 35680.711] (**) Option "Device" "/dev/input/event6"
[ 35680.723] (II) event6  - VirtualBox mouse integration: is tagged by udev as: Mouse
[ 35680.725] (II) event6  - VirtualBox mouse integration: device is a pointer
[ 35680.727] (II) event6  - VirtualBox mouse integration: device removed
[ 35680.727] (**) Option "config_info" "udev:/sys/devices/pci0000:00/0000:00:04.0/input/input7/event6"
[ 35680.727] (II) XINPUT: Adding extended input device "VirtualBox mouse integration" (type: MOUSE, id 9)
[ 35680.732] (**) Option "AccelerationScheme" "none"
[ 35680.732] (**) VirtualBox mouse integration: (accel) selected scheme none/0
[ 35680.732] (**) VirtualBox mouse integration: (accel) acceleration factor: 2.000
[ 35680.732] (**) VirtualBox mouse integration: (accel) acceleration threshold: 4
[ 35680.751] (II) event6  - VirtualBox mouse integration: is tagged by udev as: Mouse
[ 35680.752] (II) event6  - VirtualBox mouse integration: device is a pointer
[ 35680.754] (II) config/udev: Adding input device VirtualBox mouse integration (/dev/input/js1)
[ 35680.754] (II) No input driver specified, ignoring this device.
[ 35680.754] (II) This device may have been added with another device file.
[ 35680.763] (II) config/udev: Adding input device VirtualBox mouse integration (/dev/input/mouse2)
[ 35680.763] (II) No input driver specified, ignoring this device.
[ 35680.763] (II) This device may have been added with another device file.
[ 35680.768] (II) config/udev: Adding input device HDA Intel Speaker Front (/dev/input/event9)
[ 35680.773] (II) No input driver specified, ignoring this device.
[ 35680.773] (II) This device may have been added with another device file.
[ 35680.777] (II) config/udev: Adding input device HDA Intel Speaker CLFE (/dev/input/event10)
[ 35680.779] (II) No input driver specified, ignoring this device.
[ 35680.779] (II) This device may have been added with another device file.
[ 35680.779] (II) config/udev: Adding input device HDA Intel Front Headphone (/dev/input/event11)
[ 35680.781] (II) No input driver specified, ignoring this device.
[ 35680.781] (II) This device may have been added with another device file.
[ 35680.783] (II) config/udev: Adding input device HDA Intel SPDIF In (/dev/input/event12)
[ 35680.783] (II) No input driver specified, ignoring this device.
[ 35680.783] (II) This device may have been added with another device file.
[ 35680.788] (II) config/udev: Adding input device HDA Intel Mic (/dev/input/event7)
[ 35680.788] (II) No input driver specified, ignoring this device.
[ 35680.788] (II) This device may have been added with another device file.
[ 35680.790] (II) config/udev: Adding input device HDA Intel Line (/dev/input/event8)
[ 35680.790] (II) No input driver specified, ignoring this device.
[ 35680.790] (II) This device may have been added with another device file.
[ 35680.797] (II) config/udev: Adding input device VirtualBox USB Tablet (/dev/input/event5)
[ 35680.797] (**) VirtualBox USB Tablet: Applying InputClass "libinput pointer catchall"
[ 35680.797] (II) Using input driver 'libinput' for 'VirtualBox USB Tablet'
[ 35680.811] (II) systemd-logind: got fd for /dev/input/event5 13:69 fd 30 paused 0
[ 35680.811] (**) VirtualBox USB Tablet: always reports core events
[ 35680.811] (**) Option "Device" "/dev/input/event5"
[ 35680.822] (II) event5  - VirtualBox USB Tablet: is tagged by udev as: Mouse
[ 35680.822] (II) event5  - VirtualBox USB Tablet: device is a pointer
[ 35680.824] (II) event5  - VirtualBox USB Tablet: device removed
[ 35680.824] (**) Option "config_info" "udev:/sys/devices/pci0000:00/0000:00:0c.0/usb1/1-1/1-1:1.0/0003:80EE:0021.0002/input/input14/event5"
[ 35680.824] (II) XINPUT: Adding extended input device "VirtualBox USB Tablet" (type: MOUSE, id 10)
[ 35680.824] (**) Option "AccelerationScheme" "none"
[ 35680.824] (**) VirtualBox USB Tablet: (accel) selected scheme none/0
[ 35680.824] (**) VirtualBox USB Tablet: (accel) acceleration factor: 2.000
[ 35680.824] (**) VirtualBox USB Tablet: (accel) acceleration threshold: 4
[ 35680.854] (II) event5  - VirtualBox USB Tablet: is tagged by udev as: Mouse
[ 35680.855] (II) event5  - VirtualBox USB Tablet: device is a pointer
[ 35680.858] (II) config/udev: Adding input device VirtualBox USB Tablet (/dev/input/js0)
[ 35680.858] (II) No input driver specified, ignoring this device.
[ 35680.858] (II) This device may have been added with another device file.
[ 35680.869] (II) config/udev: Adding input device VirtualBox USB Tablet (/dev/input/mouse1)
[ 35680.869] (II) No input driver specified, ignoring this device.
[ 35680.869] (II) This device may have been added with another device file.
[ 35680.869] (II) config/udev: Adding input device AT Translated Set 2 keyboard (/dev/input/event2)
[ 35680.869] (**) AT Translated Set 2 keyboard: Applying InputClass "libinput keyboard catchall"
[ 35680.869] (II) Using input driver 'libinput' for 'AT Translated Set 2 keyboard'
[ 35680.892] (II) systemd-logind: got fd for /dev/input/event2 13:66 fd 31 paused 0
[ 35680.892] (**) AT Translated Set 2 keyboard: always reports core events
[ 35680.892] (**) Option "Device" "/dev/input/event2"
[ 35680.899] (II) event2  - AT Translated Set 2 keyboard: is tagged by udev as: Keyboard
[ 35680.899] (II) event2  - AT Translated Set 2 keyboard: device is a keyboard
[ 35680.905] (II) event2  - AT Translated Set 2 keyboard: device removed
[ 35680.905] (**) Option "config_info" "udev:/sys/devices/platform/i8042/serio0/input/input2/event2"
[ 35680.905] (II) XINPUT: Adding extended input device "AT Translated Set 2 keyboard" (type: KEYBOARD, id 11)
[ 35680.905] (**) Option "xkb_model" "pc105"
[ 35680.905] (**) Option "xkb_layout" "us"
[ 35680.910] (II) event2  - AT Translated Set 2 keyboard: is tagged by udev as: Keyboard
[ 35680.910] (II) event2  - AT Translated Set 2 keyboard: device is a keyboard
[ 35680.932] (II) config/udev: Adding input device ImExPS/2 Generic Explorer Mouse (/dev/input/event4)
[ 35680.934] (**) ImExPS/2 Generic Explorer Mouse: Applying InputClass "libinput pointer catchall"
[ 35680.934] (II) Using input driver 'libinput' for 'ImExPS/2 Generic Explorer Mouse'
[ 35680.994] (II) systemd-logind: got fd for /dev/input/event4 13:68 fd 32 paused 0
[ 35680.994] (**) ImExPS/2 Generic Explorer Mouse: always reports core events
[ 35680.994] (**) Option "Device" "/dev/input/event4"
[ 35680.999] (II) event4  - ImExPS/2 Generic Explorer Mouse: is tagged by udev as: Mouse
[ 35680.999] (II) event4  - ImExPS/2 Generic Explorer Mouse: device is a pointer
[ 35681.003] (II) event4  - ImExPS/2 Generic Explorer Mouse: device removed
[ 35681.003] (II) libinput: ImExPS/2 Generic Explorer Mouse: Step value 0 was provided, libinput Fallback acceleration function is used.
[ 35681.003] (II) libinput: ImExPS/2 Generic Explorer Mouse: Step value 0 was provided, libinput Fallback acceleration function is used.
[ 35681.003] (II) libinput: ImExPS/2 Generic Explorer Mouse: Step value 0 was provided, libinput Fallback acceleration function is used.
[ 35681.003] (**) Option "config_info" "udev:/sys/devices/platform/i8042/serio1/input/input5/event4"
[ 35681.003] (II) XINPUT: Adding extended input device "ImExPS/2 Generic Explorer Mouse" (type: MOUSE, id 12)
[ 35681.003] (**) Option "AccelerationScheme" "none"
[ 35681.003] (**) ImExPS/2 Generic Explorer Mouse: (accel) selected scheme none/0
[ 35681.003] (**) ImExPS/2 Generic Explorer Mouse: (accel) acceleration factor: 2.000
[ 35681.003] (**) ImExPS/2 Generic Explorer Mouse: (accel) acceleration threshold: 4
[ 35681.003] (II) event4  - ImExPS/2 Generic Explorer Mouse: is tagged by udev as: Mouse
[ 35681.003] (II) event4  - ImExPS/2 Generic Explorer Mouse: device is a pointer
[ 35681.006] (II) config/udev: Adding input device ImExPS/2 Generic Explorer Mouse (/dev/input/mouse0)
[ 35681.006] (II) No input driver specified, ignoring this device.
[ 35681.006] (II) This device may have been added with another device file.
[ 35684.816] (II) modeset(0): EDID vendor "VBX", prod id 0
[ 35684.816] (II) modeset(0): DDCModeFromDetailedTiming: 927x925 Warning: We only handle separate sync.
[ 35684.816] (II) modeset(0): Using EDID range info for horizontal sync
[ 35684.816] (II) modeset(0): Using EDID range info for vertical refresh
[ 35738.426] (II) modeset(0): EDID vendor "VBX", prod id 0
[ 35738.426] (II) modeset(0): DDCModeFromDetailedTiming: 1920x937 Warning: We only handle separate sync.
[ 35738.426] (II) modeset(0): Using hsync ranges from config file
[ 35738.426] (II) modeset(0): Using vrefresh ranges from config file
[ 35738.498] (II) modeset(0): Allocate new frame buffer 1920x937 stride
[ 35739.074] (II) modeset(0): EDID vendor "VBX", prod id 0
[ 35739.074] (II) modeset(0): DDCModeFromDetailedTiming: 1920x937 Warning: We only handle separate sync.
[ 35739.074] (II) modeset(0): Using hsync ranges from config file
[ 35739.074] (II) modeset(0): Using vrefresh ranges from config file
[ 36461.349] (EE) event6  - VirtualBox mouse integration: client bug: event processing lagging behind by 31ms, your system is too slow
[ 36467.850] (II) modeset(0): EDID vendor "VBX", prod id 0
[ 36467.850] (II) modeset(0): DDCModeFromDetailedTiming: 920x925 Warning: We only handle separate sync.
[ 36467.850] (II) modeset(0): Using hsync ranges from config file
[ 36467.850] (II) modeset(0): Using vrefresh ranges from config file
[ 36467.992] (II) modeset(0): Allocate new frame buffer 920x925 stride
[ 36468.363] (II) modeset(0): EDID vendor "VBX", prod id 0
[ 36468.373] (II) modeset(0): DDCModeFromDetailedTiming: 920x925 Warning: We only handle separate sync.
[ 36468.373] (II) modeset(0): Using hsync ranges from config file
[ 36468.373] (II) modeset(0): Using vrefresh ranges from config file
[ 36510.399] (II) modeset(0): EDID vendor "VBX", prod id 0
[ 36510.399] (II) modeset(0): DDCModeFromDetailedTiming: 957x927 Warning: We only handle separate sync.
[ 36510.399] (II) modeset(0): Using hsync ranges from config file
[ 36510.399] (II) modeset(0): Using vrefresh ranges from config file
[ 36510.443] (II) modeset(0): Allocate new frame buffer 952x927 stride
[ 36511.188] (II) modeset(0): EDID vendor "VBX", prod id 0
[ 36511.188] (II) modeset(0): DDCModeFromDetailedTiming: 951x926 Warning: We only handle separate sync.
[ 36511.188] (II) modeset(0): Using hsync ranges from config file
[ 36511.188] (II) modeset(0): Using vrefresh ranges from config file
[ 36511.218] (II) modeset(0): EDID vendor "VBX", prod id 0
[ 36511.218] (II) modeset(0): DDCModeFromDetailedTiming: 951x926 Warning: We only handle separate sync.
[ 36511.218] (II) modeset(0): Using hsync ranges from config file
[ 36511.218] (II) modeset(0): Using vrefresh ranges from config file
[ 36511.355] (II) modeset(0): Allocate new frame buffer 944x926 stride
[ 36511.753] (II) modeset(0): EDID vendor "VBX", prod id 0
[ 36511.753] (II) modeset(0): DDCModeFromDetailedTiming: 951x926 Warning: We only handle separate sync.
[ 36511.753] (II) modeset(0): Using hsync ranges from config file
[ 36511.753] (II) modeset(0): Using vrefresh ranges from config file
[ 36512.025] (II) modeset(0): EDID vendor "VBX", prod id 0
[ 36512.025] (II) modeset(0): DDCModeFromDetailedTiming: 943x925 Warning: We only handle separate sync.
[ 36512.025] (II) modeset(0): Using hsync ranges from config file
[ 36512.025] (II) modeset(0): Using vrefresh ranges from config file
[ 36512.130] (II) modeset(0): Allocate new frame buffer 936x925 stride
[ 36512.482] (II) modeset(0): EDID vendor "VBX", prod id 0
[ 36512.482] (II) modeset(0): DDCModeFromDetailedTiming: 943x925 Warning: We only handle separate sync.
[ 36512.482] (II) modeset(0): Using hsync ranges from config file
[ 36512.482] (II) modeset(0): Using vrefresh ranges from config file
[ 36512.759] (II) modeset(0): EDID vendor "VBX", prod id 0
[ 36512.759] (II) modeset(0): DDCModeFromDetailedTiming: 935x925 Warning: We only handle separate sync.
[ 36512.759] (II) modeset(0): Using hsync ranges from config file
[ 36512.759] (II) modeset(0): Using vrefresh ranges from config file
[ 36512.832] (II) modeset(0): Allocate new frame buffer 928x925 stride
[ 36513.049] (II) modeset(0): EDID vendor "VBX", prod id 0
[ 36513.049] (II) modeset(0): DDCModeFromDetailedTiming: 935x925 Warning: We only handle separate sync.
[ 36513.049] (II) modeset(0): Using hsync ranges from config file
[ 36513.049] (II) modeset(0): Using vrefresh ranges from config file
[ 36513.523] (II) modeset(0): EDID vendor "VBX", prod id 0
[ 36513.523] (II) modeset(0): DDCModeFromDetailedTiming: 927x925 Warning: We only handle separate sync.
[ 36513.523] (II) modeset(0): Using hsync ranges from config file
[ 36513.523] (II) modeset(0): Using vrefresh ranges from config file
[ 36513.759] (II) modeset(0): Allocate new frame buffer 920x925 stride
[ 36513.979] (II) modeset(0): EDID vendor "VBX", prod id 0
[ 36513.979] (II) modeset(0): DDCModeFromDetailedTiming: 927x925 Warning: We only handle separate sync.
[ 36513.979] (II) modeset(0): Using hsync ranges from config file
[ 36513.979] (II) modeset(0): Using vrefresh ranges from config file
[ 36916.308] (II) modeset(0): EDID vendor "VBX", prod id 0
[ 36916.310] (II) modeset(0): DDCModeFromDetailedTiming: 957x927 Warning: We only handle separate sync.
[ 36916.310] (II) modeset(0): Using hsync ranges from config file
[ 36916.310] (II) modeset(0): Using vrefresh ranges from config file
[ 36916.396] (II) modeset(0): Allocate new frame buffer 952x927 stride
[ 36917.106] (II) modeset(0): EDID vendor "VBX", prod id 0
[ 36917.106] (II) modeset(0): DDCModeFromDetailedTiming: 951x926 Warning: We only handle separate sync.
[ 36917.106] (II) modeset(0): Using hsync ranges from config file
[ 36917.106] (II) modeset(0): Using vrefresh ranges from config file
[ 36917.196] (II) modeset(0): Allocate new frame buffer 944x926 stride
[ 36917.259] (II) modeset(0): EDID vendor "VBX", prod id 0
[ 36917.259] (II) modeset(0): DDCModeFromDetailedTiming: 951x926 Warning: We only handle separate sync.
[ 36917.259] (II) modeset(0): Using hsync ranges from config file
[ 36917.259] (II) modeset(0): Using vrefresh ranges from config file
[ 36917.604] (II) modeset(0): EDID vendor "VBX", prod id 0
[ 36917.604] (II) modeset(0): DDCModeFromDetailedTiming: 951x926 Warning: We only handle separate sync.
[ 36917.604] (II) modeset(0): Using hsync ranges from config file
[ 36917.604] (II) modeset(0): Using vrefresh ranges from config file
[ 36917.943] (II) modeset(0): EDID vendor "VBX", prod id 0
[ 36917.944] (II) modeset(0): DDCModeFromDetailedTiming: 943x925 Warning: We only handle separate sync.
[ 36917.944] (II) modeset(0): Using hsync ranges from config file
[ 36917.944] (II) modeset(0): Using vrefresh ranges from config file
[ 36918.099] (II) modeset(0): Allocate new frame buffer 936x925 stride
[ 36918.408] (II) modeset(0): EDID vendor "VBX", prod id 0
[ 36918.408] (II) modeset(0): DDCModeFromDetailedTiming: 943x925 Warning: We only handle separate sync.
[ 36918.408] (II) modeset(0): Using hsync ranges from config file
[ 36918.408] (II) modeset(0): Using vrefresh ranges from config file
[ 36919.048] (II) modeset(0): EDID vendor "VBX", prod id 0
[ 36919.048] (II) modeset(0): DDCModeFromDetailedTiming: 935x925 Warning: We only handle separate sync.
[ 36919.048] (II) modeset(0): Using hsync ranges from config file
[ 36919.048] (II) modeset(0): Using vrefresh ranges from config file
[ 36919.525] (II) modeset(0): Allocate new frame buffer 928x925 stride
[ 36919.810] (II) modeset(0): EDID vendor "VBX", prod id 0
[ 36919.810] (II) modeset(0): DDCModeFromDetailedTiming: 935x925 Warning: We only handle separate sync.
[ 36919.810] (II) modeset(0): Using hsync ranges from config file
[ 36919.810] (II) modeset(0): Using vrefresh ranges from config file
[ 36920.298] (II) modeset(0): EDID vendor "VBX", prod id 0
[ 36920.298] (II) modeset(0): DDCModeFromDetailedTiming: 927x925 Warning: We only handle separate sync.
[ 36920.298] (II) modeset(0): Using hsync ranges from config file
[ 36920.298] (II) modeset(0): Using vrefresh ranges from config file
[ 36920.693] (II) modeset(0): Allocate new frame buffer 920x925 stride
[ 36921.018] (II) modeset(0): EDID vendor "VBX", prod id 0
[ 36921.018] (II) modeset(0): DDCModeFromDetailedTiming: 927x925 Warning: We only handle separate sync.
[ 36921.018] (II) modeset(0): Using hsync ranges from config file
[ 36921.018] (II) modeset(0): Using vrefresh ranges from config file
[ 45838.599] (II) event5  - VirtualBox USB Tablet: device removed
[ 45838.774] (II) config/udev: removing device VirtualBox USB Tablet
[ 45838.774] (**) Option "fd" "30"
[ 45838.850] (II) UnloadModule: "libinput"
[ 45838.850] (II) systemd-logind: releasing fd for 13:69
[ 45839.682] (II) config/udev: Adding input device VirtualBox USB Tablet (/dev/input/mouse1)
[ 45839.682] (II) No input driver specified, ignoring this device.
[ 45839.682] (II) This device may have been added with another device file.
[ 45839.779] (II) config/udev: Adding input device VirtualBox USB Tablet (/dev/input/js0)
[ 45839.779] (II) No input driver specified, ignoring this device.
[ 45839.779] (II) This device may have been added with another device file.
[ 45839.863] (II) config/udev: Adding input device VirtualBox USB Tablet (/dev/input/event5)
[ 45839.863] (**) VirtualBox USB Tablet: Applying InputClass "libinput pointer catchall"
[ 45839.863] (II) Using input driver 'libinput' for 'VirtualBox USB Tablet'
[ 45839.936] (II) systemd-logind: got fd for /dev/input/event5 13:69 fd 45 paused 0
[ 45839.936] (**) VirtualBox USB Tablet: always reports core events
[ 45839.936] (**) Option "Device" "/dev/input/event5"
[ 45839.947] (II) event5  - VirtualBox USB Tablet: is tagged by udev as: Mouse
[ 45839.947] (II) event5  - VirtualBox USB Tablet: device is a pointer
[ 45839.957] (II) event5  - VirtualBox USB Tablet: device removed
[ 45839.965] (**) Option "config_info" "udev:/sys/devices/pci0000:00/0000:00:0c.0/usb1/1-1/1-1:1.0/0003:80EE:0021.0003/input/input15/event5"
[ 45839.965] (II) XINPUT: Adding extended input device "VirtualBox USB Tablet" (type: MOUSE, id 10)
[ 45840.000] (**) Option "AccelerationScheme" "none"
[ 45840.011] (**) VirtualBox USB Tablet: (accel) selected scheme none/0
[ 45840.011] (**) VirtualBox USB Tablet: (accel) acceleration factor: 2.000
[ 45840.011] (**) VirtualBox USB Tablet: (accel) acceleration threshold: 4
[ 45840.034] (II) event5  - VirtualBox USB Tablet: is tagged by udev as: Mouse
[ 45840.042] (II) event5  - VirtualBox USB Tablet: device is a pointer
[ 46614.127] (II) modeset(0): EDID vendor "VBX", prod id 0
[ 46614.134] (II) modeset(0): DDCModeFromDetailedTiming: 957x927 Warning: We only handle separate sync.
[ 46614.134] (II) modeset(0): Using hsync ranges from config file
[ 46614.134] (II) modeset(0): Using vrefresh ranges from config file
[ 46614.343] (II) modeset(0): Allocate new frame buffer 952x927 stride
[ 46615.018] (II) modeset(0): EDID vendor "VBX", prod id 0
[ 46615.018] (II) modeset(0): DDCModeFromDetailedTiming: 951x926 Warning: We only handle separate sync.
[ 46615.018] (II) modeset(0): Using hsync ranges from config file
[ 46615.018] (II) modeset(0): Using vrefresh ranges from config file
[ 46615.427] (II) modeset(0): Allocate new frame buffer 944x926 stride
[ 46615.526] (II) modeset(0): EDID vendor "VBX", prod id 0
[ 46615.526] (II) modeset(0): DDCModeFromDetailedTiming: 951x926 Warning: We only handle separate sync.
[ 46615.526] (II) modeset(0): Using hsync ranges from config file
[ 46615.526] (II) modeset(0): Using vrefresh ranges from config file
[ 46616.058] (II) modeset(0): EDID vendor "VBX", prod id 0
[ 46616.058] (II) modeset(0): DDCModeFromDetailedTiming: 943x925 Warning: We only handle separate sync.
[ 46616.058] (II) modeset(0): Using hsync ranges from config file
[ 46616.058] (II) modeset(0): Using vrefresh ranges from config file
[ 46616.157] (II) modeset(0): Allocate new frame buffer 936x925 stride
[ 46616.708] (II) modeset(0): EDID vendor "VBX", prod id 0
[ 46616.710] (II) modeset(0): DDCModeFromDetailedTiming: 935x925 Warning: We only handle separate sync.
[ 46616.710] (II) modeset(0): Using hsync ranges from config file
[ 46616.710] (II) modeset(0): Using vrefresh ranges from config file
[ 46616.796] (II) modeset(0): Allocate new frame buffer 928x925 stride
[ 46616.845] (II) modeset(0): EDID vendor "VBX", prod id 0
[ 46616.845] (II) modeset(0): DDCModeFromDetailedTiming: 935x925 Warning: We only handle separate sync.
[ 46616.845] (II) modeset(0): Using hsync ranges from config file
[ 46616.845] (II) modeset(0): Using vrefresh ranges from config file
[ 46617.289] (II) modeset(0): EDID vendor "VBX", prod id 0
[ 46617.289] (II) modeset(0): DDCModeFromDetailedTiming: 927x925 Warning: We only handle separate sync.
[ 46617.289] (II) modeset(0): Using hsync ranges from config file
[ 46617.289] (II) modeset(0): Using vrefresh ranges from config file
[ 46617.367] (II) modeset(0): Allocate new frame buffer 920x925 stride
[ 46617.455] (II) modeset(0): EDID vendor "VBX", prod id 0
[ 46617.455] (II) modeset(0): DDCModeFromDetailedTiming: 927x925 Warning: We only handle separate sync.
[ 46617.455] (II) modeset(0): Using hsync ranges from config file
[ 46617.455] (II) modeset(0): Using vrefresh ranges from config file
[ 46617.826] (II) modeset(0): EDID vendor "VBX", prod id 0
[ 46617.826] (II) modeset(0): DDCModeFromDetailedTiming: 927x925 Warning: We only handle separate sync.
[ 46617.826] (II) modeset(0): Using hsync ranges from config file
[ 46617.826] (II) modeset(0): Using vrefresh ranges from config file
[ 47283.451] (II) modeset(0): EDID vendor "VBX", prod id 0
[ 47283.452] (II) modeset(0): DDCModeFromDetailedTiming: 957x927 Warning: We only handle separate sync.
[ 47283.452] (II) modeset(0): Using hsync ranges from config file
[ 47283.452] (II) modeset(0): Using vrefresh ranges from config file
[ 47283.485] (II) modeset(0): Allocate new frame buffer 952x927 stride
[ 47283.698] (II) modeset(0): EDID vendor "VBX", prod id 0
[ 47283.698] (II) modeset(0): DDCModeFromDetailedTiming: 957x927 Warning: We only handle separate sync.
[ 47283.698] (II) modeset(0): Using hsync ranges from config file
[ 47283.698] (II) modeset(0): Using vrefresh ranges from config file
[ 47283.889] (II) modeset(0): EDID vendor "VBX", prod id 0
[ 47283.889] (II) modeset(0): DDCModeFromDetailedTiming: 951x926 Warning: We only handle separate sync.
[ 47283.889] (II) modeset(0): Using hsync ranges from config file
[ 47283.889] (II) modeset(0): Using vrefresh ranges from config file
[ 47284.112] (II) modeset(0): Allocate new frame buffer 944x926 stride
[ 47284.225] (II) modeset(0): EDID vendor "VBX", prod id 0
[ 47284.225] (II) modeset(0): DDCModeFromDetailedTiming: 951x926 Warning: We only handle separate sync.
[ 47284.225] (II) modeset(0): Using hsync ranges from config file
[ 47284.225] (II) modeset(0): Using vrefresh ranges from config file
[ 47284.486] (II) modeset(0): EDID vendor "VBX", prod id 0
[ 47284.486] (II) modeset(0): DDCModeFromDetailedTiming: 943x925 Warning: We only handle separate sync.
[ 47284.486] (II) modeset(0): Using hsync ranges from config file
[ 47284.486] (II) modeset(0): Using vrefresh ranges from config file
[ 47284.656] (II) modeset(0): Allocate new frame buffer 936x925 stride
[ 47284.759] (II) modeset(0): EDID vendor "VBX", prod id 0
[ 47284.759] (II) modeset(0): DDCModeFromDetailedTiming: 943x925 Warning: We only handle separate sync.
[ 47284.759] (II) modeset(0): Using hsync ranges from config file
[ 47284.759] (II) modeset(0): Using vrefresh ranges from config file
[ 47285.013] (II) modeset(0): EDID vendor "VBX", prod id 0
[ 47285.013] (II) modeset(0): DDCModeFromDetailedTiming: 935x925 Warning: We only handle separate sync.
[ 47285.013] (II) modeset(0): Using hsync ranges from config file
[ 47285.013] (II) modeset(0): Using vrefresh ranges from config file
[ 47285.164] (II) modeset(0): Allocate new frame buffer 928x925 stride
[ 47285.286] (II) modeset(0): EDID vendor "VBX", prod id 0
[ 47285.286] (II) modeset(0): DDCModeFromDetailedTiming: 935x925 Warning: We only handle separate sync.
[ 47285.286] (II) modeset(0): Using hsync ranges from config file
[ 47285.286] (II) modeset(0): Using vrefresh ranges from config file
[ 47285.485] (II) modeset(0): EDID vendor "VBX", prod id 0
[ 47285.485] (II) modeset(0): DDCModeFromDetailedTiming: 927x925 Warning: We only handle separate sync.
[ 47285.485] (II) modeset(0): Using hsync ranges from config file
[ 47285.485] (II) modeset(0): Using vrefresh ranges from config file
[ 47285.687] (II) modeset(0): Allocate new frame buffer 920x925 stride
[ 47285.853] (II) modeset(0): EDID vendor "VBX", prod id 0
[ 47285.853] (II) modeset(0): DDCModeFromDetailedTiming: 927x925 Warning: We only handle separate sync.
[ 47285.853] (II) modeset(0): Using hsync ranges from config file
[ 47285.853] (II) modeset(0): Using vrefresh ranges from config file
